<?xml version="1.0" encoding="UTF-8"?>
<!-- Generated by org.testng.reporters.JUnitReportReporter -->
<testsuite hostname="LAPTOP-S70A7DB2" failures="0" tests="6" name="Scripts.TestCase" time="11.411" errors="0" timestamp="2023-05-01T12:22:43 IST" skipped="0">
  <testcase classname="Scripts.TestCase" name="TC_1" time="1.336"/>
  <system-out>
    <![CDATA[Title is Displayed
Password Test Box is Present
Username Test Box is Present
Login Button is enabled]]>
  </system-out>
  <testcase classname="Scripts.TestCase" name="TC_2" time="1.339"/>
  <system-out>
    <![CDATA[Username and Password are required validation message is displayed]]>
  </system-out>
  <testcase classname="Scripts.TestCase" name="TC_3" time="1.818"/>
  <system-out>
    <![CDATA[Login Successful]]>
  </system-out>
  <testcase classname="Scripts.TestCase" name="TC_4" time="1.508"/>
  <system-out>
    <![CDATA[Password must be present Message is Displayed]]>
  </system-out>
  <testcase classname="Scripts.TestCase" name="TC_5" time="3.825"/>
  <system-out>
    <![CDATA[username must be present Message is Displayed]]>
  </system-out>
  <testcase classname="Scripts.TestCase" name="TC_6" time="1.585"/>
  <system-out/>
</testsuite> <!-- Scripts.TestCase -->
